[05:50:59] [ServerMain/INFO]: [bootstrap] Running Java 21 (OpenJDK 64-Bit Server VM 21.0.3+9-LTS; Microsoft Microsoft-9388422) on Linux 6.5.0-1022-azure (amd64)
[05:50:59] [ServerMain/INFO]: [bootstrap] Loading Paper 1.21-126-master@7e44684 (2024-08-05T19:10:11Z) for Minecraft 1.21
[05:50:59] [ServerMain/INFO]: [PluginInitializerManager] Initializing plugins...
[05:51:00] [ServerMain/INFO]: [PluginInitializerManager] Initialized 10 plugins
[05:51:00] [ServerMain/INFO]: [PluginInitializerManager] Bukkit plugins (10):
 - AuraSkills (2.2.1), Chunky (1.4.10), DeadChest (4.21.1), Geyser-Spigot (2.4.1-SNAPSHOT), JustTPA (v20240420-beta), Orebfuscator (5.5.0), ProtocolLib (5.2.0-SNAPSHOT-679), SuperEnchants (1.2.0), ViaVersion (5.0.2), floodgate (2.2.3-SNAPSHOT (b109-49bd564))
[05:51:03] [ServerMain/INFO]: Environment: Environment[sessionHost=https://sessionserver.mojang.com, servicesHost=https://api.minecraftservices.com, name=PROD]
[05:51:06] [ServerMain/INFO]: Loaded 1296 recipes
[05:51:06] [ServerMain/ERROR]: Couldn't load advancements: [nova_structures:adventure/find_shrine, minecraft:wander_add_map, minecraft:give_quest_trader_trade]
[05:51:06] [ServerMain/INFO]: Loaded 1432 advancements
[05:51:06] [ServerMain/WARN]: Not all defined tags for registry ResourceKey[minecraft:root / minecraft:item] are present in data pack: minecraft:enchantable/empty
[05:51:07] [Server thread/INFO]: Starting minecraft server version 1.21
[05:51:07] [Server thread/INFO]: Loading properties
[05:51:07] [Server thread/INFO]: This server is running Paper version 1.21-126-master@7e44684 (2024-08-05T19:10:11Z) (Implementing API version 1.21-R0.1-SNAPSHOT)
[05:51:07] [Server thread/INFO]: [spark] This server bundles the spark profiler. For more information please visit https://docs.papermc.io/paper/profiling
[05:51:07] [Server thread/INFO]: Server Ping Player Sample Count: 12
[05:51:07] [Server thread/INFO]: Using 4 threads for Netty based IO
[05:51:08] [Server thread/INFO]: [ChunkTaskScheduler] Chunk system is using 1 I/O threads, 1 worker threads, and population gen parallelism of 1 threads
[05:51:08] [Server thread/INFO]: Default game type: SURVIVAL
[05:51:08] [Server thread/INFO]: Generating keypair
[05:51:08] [Server thread/INFO]: Starting Minecraft server on *:25565
[05:51:08] [Server thread/INFO]: Using epoll channel type
[05:51:08] [Server thread/INFO]: Paper: Using libdeflate (Linux x86_64) compression from Velocity.
[05:51:08] [Server thread/INFO]: Paper: Using OpenSSL 1.1.x (Linux x86_64) cipher from Velocity.
[05:51:09] [Server thread/INFO]: [ViaVersion] Loading server plugin ViaVersion v5.0.2
[05:51:09] [Server thread/INFO]: [ViaVersion] ViaVersion 5.0.2 is now loaded. Registering protocol transformers and injecting...
[05:51:11] [Via-Mappingloader-0/INFO]: [ViaVersion] Loading block connection mappings ...
[05:51:11] [Via-Mappingloader-0/INFO]: [ViaVersion] Using FastUtil Long2ObjectOpenHashMap for block connections
[05:51:12] [Server thread/INFO]: [ProtocolLib] Loading server plugin ProtocolLib v5.2.0-SNAPSHOT-679
[05:51:12] [Server thread/WARN]: [ProtocolLib] Version (MC: 1.21.0) has not yet been tested! Proceed with caution.
[05:51:14] [Server thread/ERROR]: [ProtocolLib] Assuming package version: v1_21_R1
[05:51:14] [Server thread/ERROR]:   [ProtocolLib] INTERNAL ERROR: Cannot load ProtocolLib.
  If this problem hasn't already been reported, please open a ticket
  at https://github.com/dmulloy2/ProtocolLib/issues with the following data:
  Stack Trace:
  java.lang.IllegalArgumentException: Unable to find a field that matches {modifiers=[required: 10000, banned: 1000], type={ type input instanceof interface java.util.Map }}
  	at ProtocolLib.jar//com.comphenix.protocol.reflect.FuzzyReflection.getField(FuzzyReflection.java:352)
  	at ProtocolLib.jar//com.comphenix.protocol.injector.packet.PacketRegistry.createNewRegister(PacketRegistry.java:183)
  	at ProtocolLib.jar//com.comphenix.protocol.injector.packet.PacketRegistry.initialize(PacketRegistry.java:334)
  	at ProtocolLib.jar//com.comphenix.protocol.injector.packet.PacketRegistry.getClientPacketTypes(PacketRegistry.java:369)
  	at ProtocolLib.jar//com.comphenix.protocol.injector.PacketFilterManager.<init>(PacketFilterManager.java:120)
  	at ProtocolLib.jar//com.comphenix.protocol.injector.PacketFilterBuilder.build(PacketFilterBuilder.java:121)
  	at ProtocolLib.jar//com.comphenix.protocol.ProtocolLib.onLoad(ProtocolLib.java:183)
  	at io.papermc.paper.plugin.storage.ServerPluginProviderStorage.processProvided(ServerPluginProviderStorage.java:59)
  	at io.papermc.paper.plugin.storage.ServerPluginProviderStorage.processProvided(ServerPluginProviderStorage.java:18)
  	at io.papermc.paper.plugin.storage.SimpleProviderStorage.enter(SimpleProviderStorage.java:39)
  	at io.papermc.paper.plugin.entrypoint.LaunchEntryPointHandler.enter(LaunchEntryPointHandler.java:40)
  	at org.bukkit.craftbukkit.CraftServer.loadPlugins(CraftServer.java:546)
  	at net.minecraft.server.dedicated.DedicatedServer.initServer(DedicatedServer.java:292)
  	at net.minecraft.server.MinecraftServer.runServer(MinecraftServer.java:1215)
  	at net.minecraft.server.MinecraftServer.lambda$spin$0(MinecraftServer.java:330)
  	at java.base/java.lang.Thread.run(Thread.java:1583)
  Dump:
  Parameters: 
    [NULL]
  Sender:
    com.comphenix.protocol.ProtocolLib@5bbc22a1[
      statistics=<null>
      packetTask=<null>
      tickCounter=0
      configExpectedMod=-1
      updater=com.comphenix.protocol.updater.SpigotUpdater@7221e5f4
      redirectHandler=<null>
      scheduler=com.comphenix.protocol.scheduler.DefaultScheduler@48b2783b
      commandProtocol=<null>
      commandPacket=<null>
      commandFilter=<null>
      packetLogging=<null>
      skipDisable=false
      isEnabled=false
      loader=io.papermc.paper.plugin.manager.DummyBukkitPluginLoader@2c3b683c
      server=CraftServer{serverName=Paper,serverVersion=1.21-126-7e44684,minecraftVersion=1.21}
      file=plugins/.paper-remapped/ProtocolLib.jar
      description=org.bukkit.plugin.PluginDescriptionFile@4b33642e
      pluginMeta=org.bukkit.plugin.PluginDescriptionFile@4b33642e
      dataFolder=plugins/ProtocolLib
      classLoader=PluginClassLoader{plugin=ProtocolLib v5.2.0-SNAPSHOT-679, pluginEnabled=false, url=plugins/.paper-remapped/ProtocolLib.jar}
      naggable=true
      newConfig=YamlConfiguration[path='', root='YamlConfiguration']
      configFile=plugins/ProtocolLib/config.yml
      logger=com.destroystokyo.paper.utils.PaperPluginLogger@151e43c
      lifecycleEventManager=io.papermc.paper.plugin.lifecycle.event.PaperLifecycleEventManager@247dadc5
      allowsLifecycleRegistration=true
    ]
  Version:
    ProtocolLib v5.2.0-SNAPSHOT-679
  Java Version:
    21.0.3
  Server:
    1.21-126-7e44684 (MC: 1.21)

[05:51:14] [Server thread/INFO]: [floodgate] Loading server plugin floodgate v2.2.3-SNAPSHOT (b109-49bd564)
[05:51:15] [Server thread/WARN]: [floodgate] en_ is not a supported Floodgate language.
[05:51:15] [Server thread/INFO]: [floodgate] Took 1,394ms to boot Floodgate
[05:51:15] [Server thread/INFO]: [JustTPA] Loading server plugin JustTPA vv20240420-beta
[05:51:15] [Server thread/INFO]: [SuperEnchants] Loading server plugin SuperEnchants v1.2.0
[05:51:15] [Server thread/INFO]: [DeadChest] Loading server plugin DeadChest v4.21.1
[05:51:15] [Server thread/INFO]: [DeadChest] Worldguard support disabled by user
[05:51:15] [Server thread/INFO]: [Orebfuscator] Loading server plugin Orebfuscator v5.5.0
[05:51:15] [Server thread/INFO]: [Chunky] Loading server plugin Chunky v1.4.10
[05:51:15] [Server thread/INFO]: [Geyser-Spigot] Loading server plugin Geyser-Spigot v2.4.1-SNAPSHOT
[05:51:17] [Server thread/INFO]: [Geyser-Spigot] Loading extensions...
[05:51:17] [Server thread/INFO]: [Geyser-Spigot] Loaded 0 extension(s)
[05:51:17] [Server thread/INFO]: [AuraSkills] Loading server plugin AuraSkills v2.2.1
[05:51:17] [Server thread/INFO]: Server permissions file permissions.yml is empty, ignoring it
[05:51:17] [Server thread/INFO]: [ProtocolLib] Enabling ProtocolLib v5.2.0-SNAPSHOT-679
[05:51:17] [Server thread/ERROR]: ******************************************************
[05:51:17] [Server thread/ERROR]: *** ProtocolLib does not support plugin reloaders! ***
[05:51:17] [Server thread/ERROR]: *** Please use the built-in reload command!        ***
[05:51:17] [Server thread/ERROR]: ******************************************************
[05:51:17] [Server thread/INFO]: [ProtocolLib] Disabling ProtocolLib v5.2.0-SNAPSHOT-679
[05:51:17] [Server thread/INFO]: [SuperEnchants] Enabling SuperEnchants v1.2.0
[05:51:17] [Server thread/INFO]: [SuperEnchants] [STDOUT] Loading SuperEnchants v1.2.0 by Aznos
[05:51:17] [Server thread/WARN]: Nag author(s): '[]' of 'SuperEnchants v1.2.0' about their usage of System.out/err.print. Please use your plugin's logger instead (JavaPlugin#getLogger).
[05:51:17] [Server thread/INFO]: [SuperEnchants] [STDOUT] -------------------------------------
[05:51:17] [Server thread/INFO]: [SuperEnchants] [STDOUT] If you'd like to support SuperEnchants and you find it useful, please consider donating at: https://buymeacoffee.com/aznos
[05:51:17] [Server thread/INFO]: [SuperEnchants] [STDOUT] -------------------------------------
[05:51:17] [Server thread/WARN]: **** SERVER IS RUNNING IN OFFLINE/INSECURE MODE!
[05:51:17] [Server thread/WARN]: The server will make no attempt to authenticate usernames. Beware.
[05:51:17] [Server thread/WARN]: While this makes the game possible to play without internet access, it also opens up the ability for hackers to connect with any username they choose.
[05:51:17] [Server thread/WARN]: To change this, set "online-mode" to "true" in the server.properties file.
[05:51:17] [Server thread/INFO]: Preparing level "papuserverxd"
[05:51:18] [Server thread/INFO]: Preparing start region for dimension minecraft:overworld
[05:51:19] [Server thread/INFO]: Time elapsed: 1210 ms
[05:51:19] [Server thread/INFO]: Preparing start region for dimension minecraft:the_nether
[05:51:19] [Server thread/INFO]: Time elapsed: 160 ms
[05:51:19] [Server thread/INFO]: Preparing start region for dimension minecraft:the_end
[05:51:19] [Server thread/INFO]: Time elapsed: 150 ms
[05:51:19] [Server thread/INFO]: [ViaVersion] Enabling ViaVersion v5.0.2
[05:51:19] [Server thread/INFO]: [ViaVersion] ViaVersion detected server version: 1.21 (767)
[05:51:19] [Server thread/WARN]: [ViaVersion] ViaVersion does not have any compatible versions for this server version!
[05:51:19] [Server thread/WARN]: [ViaVersion] Please remember that ViaVersion only adds support for versions newer than the server version.
[05:51:19] [Server thread/WARN]: [ViaVersion] If you need support for older versions you may need to use one or more ViaVersion addons too.
[05:51:19] [Server thread/WARN]: [ViaVersion] In that case please read the ViaVersion resource page carefully or use https://viaversion.com/setup
[05:51:19] [Server thread/WARN]: [ViaVersion] and if you're still unsure, feel free to join our Discord-Server for further assistance.
[05:51:19] [Server thread/INFO]: [floodgate] Enabling floodgate v2.2.3-SNAPSHOT (b109-49bd564)
[05:51:20] [Server thread/INFO]: [JustTPA] Enabling JustTPA vv20240420-beta
[05:51:20] [Server thread/INFO]: [JustTPA] JustTPA initialized
[05:51:20] [Server thread/INFO]: [JustTPA] bStats enabled
[05:51:20] [Server thread/INFO]: [JustTPA] Checking for updates...
[05:51:20] [Server thread/INFO]: [DeadChest] Enabling DeadChest v4.21.1
[05:51:20] [Server thread/INFO]: [Orebfuscator] Enabling Orebfuscator v5.5.0
[05:51:20] [Server thread/ERROR]: [Orebfuscator] An error occurred while enabling plugin
java.lang.RuntimeException: ProtocolLib can't be found or is disabled! Orebfuscator can't be enabled.
	at orebfuscator-plugin-5.5.0.jar/net.imprex.orebfuscator.Orebfuscator.onEnable(Orebfuscator.java:54) ~[orebfuscator-plugin-5.5.0.jar:?]
	at org.bukkit.plugin.java.JavaPlugin.setEnabled(JavaPlugin.java:288) ~[paper-api-1.21-R0.1-SNAPSHOT.jar:?]
	at io.papermc.paper.plugin.manager.PaperPluginInstanceManager.enablePlugin(PaperPluginInstanceManager.java:202) ~[paper-1.21.jar:1.21-126-7e44684]
	at io.papermc.paper.plugin.manager.PaperPluginManagerImpl.enablePlugin(PaperPluginManagerImpl.java:109) ~[paper-1.21.jar:1.21-126-7e44684]
	at org.bukkit.plugin.SimplePluginManager.enablePlugin(SimplePluginManager.java:520) ~[paper-api-1.21-R0.1-SNAPSHOT.jar:?]
	at org.bukkit.craftbukkit.CraftServer.enablePlugin(CraftServer.java:640) ~[paper-1.21.jar:1.21-126-7e44684]
	at org.bukkit.craftbukkit.CraftServer.enablePlugins(CraftServer.java:589) ~[paper-1.21.jar:1.21-126-7e44684]
	at net.minecraft.server.MinecraftServer.loadWorld0(MinecraftServer.java:754) ~[paper-1.21.jar:1.21-126-7e44684]
	at net.minecraft.server.MinecraftServer.loadLevel(MinecraftServer.java:516) ~[paper-1.21.jar:1.21-126-7e44684]
	at net.minecraft.server.dedicated.DedicatedServer.initServer(DedicatedServer.java:329) ~[paper-1.21.jar:1.21-126-7e44684]
	at net.minecraft.server.MinecraftServer.runServer(MinecraftServer.java:1215) ~[paper-1.21.jar:1.21-126-7e44684]
	at net.minecraft.server.MinecraftServer.lambda$spin$0(MinecraftServer.java:330) ~[paper-1.21.jar:1.21-126-7e44684]
	at java.base/java.lang.Thread.run(Thread.java:1583) ~[?:?]
[05:51:20] [Server thread/INFO]: [Orebfuscator] Disabling Orebfuscator v5.5.0
[05:51:20] [Server thread/INFO]: [Chunky] Enabling Chunky v1.4.10
[05:51:21] [Server thread/INFO]: [Geyser-Spigot] Enabling Geyser-Spigot v2.4.1-SNAPSHOT
[05:51:21] [Server thread/INFO]: [AuraSkills] Enabling AuraSkills v2.2.1
[05:51:22] [Server thread/INFO]: [AuraSkills] Loaded 21 message files
[05:51:23] [Server thread/INFO]: [AuraSkills] Loaded 148 config options in 65 ms
[05:51:23] [Server thread/INFO]: [NBTAPI] [NBTAPI] Found Minecraft: 1.21! Trying to find NMS support
[05:51:23] [Server thread/INFO]: [NBTAPI] [NBTAPI] NMS support 'MC1_21_R1' loaded!
[05:51:23] [Server thread/INFO]: [NBTAPI] [NBTAPI] Using the plugin 'AuraSkills' to create a bStats instance!
[05:51:23] [Server thread/INFO]: [AuraSkills] Loaded 3 blocked/disabled worlds
[05:51:24] [Server thread/INFO]: [AuraSkills] [ACF] Enabled Asynchronous Tab Completion Support!
[05:51:24] [Server thread/INFO]: [spark] Starting background profiler...
[05:51:25] [Server thread/INFO]: [Geyser-Spigot] ******************************************
[05:51:25] [Server thread/INFO]: [Geyser-Spigot] 
[05:51:25] [Server thread/INFO]: [Geyser-Spigot] Loading Geyser version 2.4.1-b638 (git-master-8d1e9e9)
[05:51:25] [Server thread/INFO]: [Geyser-Spigot] 
[05:51:25] [Server thread/INFO]: [Geyser-Spigot] ******************************************
[05:51:31] [epollEventLoopGroup-3-1/INFO]: [Geyser-Spigot] Started Geyser on UDP port 3644
[05:51:32] [Server thread/INFO]: [Geyser-Spigot] Done (6.859s)! Run /geyser help for help!
[05:51:32] [Server thread/INFO]: Done preparing level "papuserverxd" (14.800s)
[05:51:32] [Server thread/INFO]: Running delayed init tasks
[05:51:32] [Craft Scheduler Thread - 2 - ViaVersion/INFO]: [ViaVersion] Finished mapping loading, shutting down loader executor!
[05:51:32] [Craft Scheduler Thread - 0 - JustTPA/WARN]: [JustTPA] Failed to check for updates (no supported versions found)
[05:51:33] [Server thread/INFO]: [AuraSkills] Loaded 11 skills with 312 total sources
[05:51:33] [Server thread/INFO]: [AuraSkills] Loaded 9 stats and 17 traits
[05:51:33] [Server thread/INFO]: [AuraSkills] Loaded 22 pattern rewards and 0 level rewards
[05:51:33] [Server thread/INFO]: [AuraSkills] Loaded 53 loot entries in 4 pools and 2 tables
[05:51:33] [Server thread/INFO]: Environment: Environment[sessionHost=https://sessionserver.mojang.com, servicesHost=https://api.minecraftservices.com, name=PROD]
[05:51:33] [Server thread/INFO]: [AuraSkills] Loaded 6 menus
[05:51:33] [Server thread/INFO]: Done (35.406s)! For help, type "help"
[05:51:33] [Server thread/INFO]: Timings Reset
[05:56:16] [User Authenticator #0/INFO]: UUID of player sprintama is 20ec7346-751d-3fe7-a276-eb774e233585
[05:56:16] [Server thread/INFO]: sprintama (/127.197.84.74:51989) lost connection: Disconnected
[05:56:23] [User Authenticator #0/INFO]: UUID of player sprintama is 20ec7346-751d-3fe7-a276-eb774e233585
[05:56:25] [Server thread/INFO]: sprintama joined the game
[05:56:25] [Server thread/INFO]: sprintama[/127.197.84.74:58543] logged in with entity id 23 at ([papuserverxd]-9.5, 86.0, 3.5)
[05:57:10] [Server thread/INFO]: [Not Secure] [Server] 127.197.84.74:58543127.197.84.74:58543127.197.84.74:58543127.197.84.74:58543127.197.84.74:58543127.197.84.74:58543127.197.84.74:58543127.197.84.74:58543127.197.84.74:58543127.197.84.74:58543
[05:57:57] [Server thread/INFO]: sprintama lost connection: Disconnected
[05:57:57] [Server thread/INFO]: sprintama left the game
[05:57:58] [User Authenticator #1/INFO]: UUID of player Fr4nko7k is f66e218c-ea79-3c72-b73a-94e0221cf7ff
[05:58:00] [Server thread/INFO]: Fr4nko7k joined the game
[05:58:00] [Server thread/INFO]: Fr4nko7k[/100.126.207.111:53575] logged in with entity id 406 at ([papuserverxd]7.5, 85.0, -9.5)
[05:58:20] [Server thread/INFO]: Made Fr4nko7k a server operator
[05:58:23] [Server thread/INFO]: Fr4nko7k issued server command: /gamemode creative
[05:58:23] [Server thread/INFO]: [Fr4nko7k: Set own game mode to Creative Mode]
[05:58:45] [Server thread/ERROR]: Could not pass event BlockBreakEvent to SuperEnchants v1.2.0
java.lang.NullPointerException: Cannot invoke "org.bukkit.inventory.meta.ItemMeta.getLore()" because "meta" is null
	at SuperEnchants-1.2.0.jar/com.aznos.superenchants.listener.BlockBreak.onBlockBreak(BlockBreak.java:88) ~[SuperEnchants-1.2.0.jar:?]
	at com.destroystokyo.paper.event.executor.asm.generated.GeneratedEventExecutor4.execute(Unknown Source) ~[?:?]
	at org.bukkit.plugin.EventExecutor$2.execute(EventExecutor.java:77) ~[paper-api-1.21-R0.1-SNAPSHOT.jar:?]
	at co.aikar.timings.TimedEventExecutor.execute(TimedEventExecutor.java:80) ~[paper-api-1.21-R0.1-SNAPSHOT.jar:1.21-126-7e44684]
	at org.bukkit.plugin.RegisteredListener.callEvent(RegisteredListener.java:70) ~[paper-api-1.21-R0.1-SNAPSHOT.jar:?]
	at io.papermc.paper.plugin.manager.PaperEventManager.callEvent(PaperEventManager.java:54) ~[paper-1.21.jar:1.21-126-7e44684]
	at io.papermc.paper.plugin.manager.PaperPluginManagerImpl.callEvent(PaperPluginManagerImpl.java:131) ~[paper-1.21.jar:1.21-126-7e44684]
	at org.bukkit.plugin.SimplePluginManager.callEvent(SimplePluginManager.java:628) ~[paper-api-1.21-R0.1-SNAPSHOT.jar:?]
	at net.minecraft.server.level.ServerPlayerGameMode.destroyBlock(ServerPlayerGameMode.java:383) ~[paper-1.21.jar:1.21-126-7e44684]
	at net.minecraft.server.level.ServerPlayerGameMode.destroyAndAck(ServerPlayerGameMode.java:342) ~[paper-1.21.jar:1.21-126-7e44684]
	at net.minecraft.server.level.ServerPlayerGameMode.handleBlockBreakAction(ServerPlayerGameMode.java:215) ~[paper-1.21.jar:1.21-126-7e44684]
	at net.minecraft.server.network.ServerGamePacketListenerImpl.handlePlayerAction(ServerGamePacketListenerImpl.java:1785) ~[paper-1.21.jar:1.21-126-7e44684]
	at net.minecraft.network.protocol.game.ServerboundPlayerActionPacket.handle(ServerboundPlayerActionPacket.java:51) ~[paper-1.21.jar:1.21-126-7e44684]
	at net.minecraft.network.protocol.game.ServerboundPlayerActionPacket.handle(ServerboundPlayerActionPacket.java:20) ~[paper-1.21.jar:1.21-126-7e44684]
	at net.minecraft.network.protocol.PacketUtils.lambda$ensureRunningOnSameThread$0(PacketUtils.java:56) ~[paper-1.21.jar:1.21-126-7e44684]
	at net.minecraft.server.TickTask.run(TickTask.java:18) ~[paper-1.21.jar:1.21-126-7e44684]
	at net.minecraft.util.thread.BlockableEventLoop.doRunTask(BlockableEventLoop.java:151) ~[paper-1.21.jar:1.21-126-7e44684]
	at net.minecraft.util.thread.ReentrantBlockableEventLoop.doRunTask(ReentrantBlockableEventLoop.java:24) ~[paper-1.21.jar:1.21-126-7e44684]
	at net.minecraft.server.MinecraftServer.doRunTask(MinecraftServer.java:1537) ~[paper-1.21.jar:1.21-126-7e44684]
	at net.minecraft.server.MinecraftServer.doRunTask(MinecraftServer.java:201) ~[paper-1.21.jar:1.21-126-7e44684]
	at net.minecraft.util.thread.BlockableEventLoop.pollTask(BlockableEventLoop.java:125) ~[paper-1.21.jar:1.21-126-7e44684]
	at net.minecraft.server.MinecraftServer.pollTaskInternal(MinecraftServer.java:1514) ~[paper-1.21.jar:1.21-126-7e44684]
	at net.minecraft.server.MinecraftServer.pollTask(MinecraftServer.java:1507) ~[paper-1.21.jar:1.21-126-7e44684]
	at net.minecraft.util.thread.BlockableEventLoop.managedBlock(BlockableEventLoop.java:135) ~[paper-1.21.jar:1.21-126-7e44684]
	at net.minecraft.server.MinecraftServer.managedBlock(MinecraftServer.java:1466) ~[paper-1.21.jar:1.21-126-7e44684]
	at net.minecraft.server.MinecraftServer.waitUntilNextTick(MinecraftServer.java:1473) ~[paper-1.21.jar:1.21-126-7e44684]
	at net.minecraft.server.MinecraftServer.runServer(MinecraftServer.java:1318) ~[paper-1.21.jar:1.21-126-7e44684]
	at net.minecraft.server.MinecraftServer.lambda$spin$0(MinecraftServer.java:330) ~[paper-1.21.jar:1.21-126-7e44684]
	at java.base/java.lang.Thread.run(Thread.java:1583) ~[?:?]
[05:58:45] [Server thread/ERROR]: Could not pass event BlockBreakEvent to SuperEnchants v1.2.0
java.lang.NullPointerException: Cannot invoke "org.bukkit.inventory.meta.ItemMeta.getLore()" because "meta" is null
	at SuperEnchants-1.2.0.jar/com.aznos.superenchants.listener.BlockBreak.onBlockBreak(BlockBreak.java:88) ~[SuperEnchants-1.2.0.jar:?]
	at com.destroystokyo.paper.event.executor.asm.generated.GeneratedEventExecutor4.execute(Unknown Source) ~[?:?]
	at org.bukkit.plugin.EventExecutor$2.execute(EventExecutor.java:77) ~[paper-api-1.21-R0.1-SNAPSHOT.jar:?]
	at co.aikar.timings.TimedEventExecutor.execute(TimedEventExecutor.java:80) ~[paper-api-1.21-R0.1-SNAPSHOT.jar:1.21-126-7e44684]
	at org.bukkit.plugin.RegisteredListener.callEvent(RegisteredListener.java:70) ~[paper-api-1.21-R0.1-SNAPSHOT.jar:?]
	at io.papermc.paper.plugin.manager.PaperEventManager.callEvent(PaperEventManager.java:54) ~[paper-1.21.jar:1.21-126-7e44684]
	at io.papermc.paper.plugin.manager.PaperPluginManagerImpl.callEvent(PaperPluginManagerImpl.java:131) ~[paper-1.21.jar:1.21-126-7e44684]
	at org.bukkit.plugin.SimplePluginManager.callEvent(SimplePluginManager.java:628) ~[paper-api-1.21-R0.1-SNAPSHOT.jar:?]
	at net.minecraft.server.level.ServerPlayerGameMode.destroyBlock(ServerPlayerGameMode.java:383) ~[paper-1.21.jar:1.21-126-7e44684]
	at net.minecraft.server.level.ServerPlayerGameMode.destroyAndAck(ServerPlayerGameMode.java:342) ~[paper-1.21.jar:1.21-126-7e44684]
	at net.minecraft.server.level.ServerPlayerGameMode.handleBlockBreakAction(ServerPlayerGameMode.java:215) ~[paper-1.21.jar:1.21-126-7e44684]
	at net.minecraft.server.network.ServerGamePacketListenerImpl.handlePlayerAction(ServerGamePacketListenerImpl.java:1785) ~[paper-1.21.jar:1.21-126-7e44684]
	at net.minecraft.network.protocol.game.ServerboundPlayerActionPacket.handle(ServerboundPlayerActionPacket.java:51) ~[paper-1.21.jar:1.21-126-7e44684]
	at net.minecraft.network.protocol.game.ServerboundPlayerActionPacket.handle(ServerboundPlayerActionPacket.java:20) ~[paper-1.21.jar:1.21-126-7e44684]
	at net.minecraft.network.protocol.PacketUtils.lambda$ensureRunningOnSameThread$0(PacketUtils.java:56) ~[paper-1.21.jar:1.21-126-7e44684]
	at net.minecraft.server.TickTask.run(TickTask.java:18) ~[paper-1.21.jar:1.21-126-7e44684]
	at net.minecraft.util.thread.BlockableEventLoop.doRunTask(BlockableEventLoop.java:151) ~[paper-1.21.jar:1.21-126-7e44684]
	at net.minecraft.util.thread.ReentrantBlockableEventLoop.doRunTask(ReentrantBlockableEventLoop.java:24) ~[paper-1.21.jar:1.21-126-7e44684]
	at net.minecraft.server.MinecraftServer.doRunTask(MinecraftServer.java:1537) ~[paper-1.21.jar:1.21-126-7e44684]
	at net.minecraft.server.MinecraftServer.doRunTask(MinecraftServer.java:201) ~[paper-1.21.jar:1.21-126-7e44684]
	at net.minecraft.util.thread.BlockableEventLoop.pollTask(BlockableEventLoop.java:125) ~[paper-1.21.jar:1.21-126-7e44684]
	at net.minecraft.server.MinecraftServer.pollTaskInternal(MinecraftServer.java:1514) ~[paper-1.21.jar:1.21-126-7e44684]
	at net.minecraft.server.MinecraftServer.pollTask(MinecraftServer.java:1507) ~[paper-1.21.jar:1.21-126-7e44684]
	at net.minecraft.util.thread.BlockableEventLoop.managedBlock(BlockableEventLoop.java:135) ~[paper-1.21.jar:1.21-126-7e44684]
	at net.minecraft.server.MinecraftServer.managedBlock(MinecraftServer.java:1466) ~[paper-1.21.jar:1.21-126-7e44684]
	at net.minecraft.server.MinecraftServer.waitUntilNextTick(MinecraftServer.java:1473) ~[paper-1.21.jar:1.21-126-7e44684]
	at net.minecraft.server.MinecraftServer.runServer(MinecraftServer.java:1318) ~[paper-1.21.jar:1.21-126-7e44684]
	at net.minecraft.server.MinecraftServer.lambda$spin$0(MinecraftServer.java:330) ~[paper-1.21.jar:1.21-126-7e44684]
	at java.base/java.lang.Thread.run(Thread.java:1583) ~[?:?]
[05:58:46] [Server thread/ERROR]: Could not pass event BlockBreakEvent to SuperEnchants v1.2.0
java.lang.NullPointerException: Cannot invoke "org.bukkit.inventory.meta.ItemMeta.getLore()" because "meta" is null
	at SuperEnchants-1.2.0.jar/com.aznos.superenchants.listener.BlockBreak.onBlockBreak(BlockBreak.java:88) ~[SuperEnchants-1.2.0.jar:?]
	at com.destroystokyo.paper.event.executor.asm.generated.GeneratedEventExecutor4.execute(Unknown Source) ~[?:?]
	at org.bukkit.plugin.EventExecutor$2.execute(EventExecutor.java:77) ~[paper-api-1.21-R0.1-SNAPSHOT.jar:?]
	at co.aikar.timings.TimedEventExecutor.execute(TimedEventExecutor.java:80) ~[paper-api-1.21-R0.1-SNAPSHOT.jar:1.21-126-7e44684]
	at org.bukkit.plugin.RegisteredListener.callEvent(RegisteredListener.java:70) ~[paper-api-1.21-R0.1-SNAPSHOT.jar:?]
	at io.papermc.paper.plugin.manager.PaperEventManager.callEvent(PaperEventManager.java:54) ~[paper-1.21.jar:1.21-126-7e44684]
	at io.papermc.paper.plugin.manager.PaperPluginManagerImpl.callEvent(PaperPluginManagerImpl.java:131) ~[paper-1.21.jar:1.21-126-7e44684]
	at org.bukkit.plugin.SimplePluginManager.callEvent(SimplePluginManager.java:628) ~[paper-api-1.21-R0.1-SNAPSHOT.jar:?]
	at net.minecraft.server.level.ServerPlayerGameMode.destroyBlock(ServerPlayerGameMode.java:383) ~[paper-1.21.jar:1.21-126-7e44684]
	at net.minecraft.server.level.ServerPlayerGameMode.destroyAndAck(ServerPlayerGameMode.java:342) ~[paper-1.21.jar:1.21-126-7e44684]
	at net.minecraft.server.level.ServerPlayerGameMode.handleBlockBreakAction(ServerPlayerGameMode.java:215) ~[paper-1.21.jar:1.21-126-7e44684]
	at net.minecraft.server.network.ServerGamePacketListenerImpl.handlePlayerAction(ServerGamePacketListenerImpl.java:1785) ~[paper-1.21.jar:1.21-126-7e44684]
	at net.minecraft.network.protocol.game.ServerboundPlayerActionPacket.handle(ServerboundPlayerActionPacket.java:51) ~[paper-1.21.jar:1.21-126-7e44684]
	at net.minecraft.network.protocol.game.ServerboundPlayerActionPacket.handle(ServerboundPlayerActionPacket.java:20) ~[paper-1.21.jar:1.21-126-7e44684]
	at net.minecraft.network.protocol.PacketUtils.lambda$ensureRunningOnSameThread$0(PacketUtils.java:56) ~[paper-1.21.jar:1.21-126-7e44684]
	at net.minecraft.server.TickTask.run(TickTask.java:18) ~[paper-1.21.jar:1.21-126-7e44684]
	at net.minecraft.util.thread.BlockableEventLoop.doRunTask(BlockableEventLoop.java:151) ~[paper-1.21.jar:1.21-126-7e44684]
	at net.minecraft.util.thread.ReentrantBlockableEventLoop.doRunTask(ReentrantBlockableEventLoop.java:24) ~[paper-1.21.jar:1.21-126-7e44684]
	at net.minecraft.server.MinecraftServer.doRunTask(MinecraftServer.java:1537) ~[paper-1.21.jar:1.21-126-7e44684]
	at net.minecraft.server.MinecraftServer.doRunTask(MinecraftServer.java:201) ~[paper-1.21.jar:1.21-126-7e44684]
	at net.minecraft.util.thread.BlockableEventLoop.pollTask(BlockableEventLoop.java:125) ~[paper-1.21.jar:1.21-126-7e44684]
	at net.minecraft.server.MinecraftServer.pollTaskInternal(MinecraftServer.java:1514) ~[paper-1.21.jar:1.21-126-7e44684]
	at net.minecraft.server.MinecraftServer.pollTask(MinecraftServer.java:1507) ~[paper-1.21.jar:1.21-126-7e44684]
	at net.minecraft.util.thread.BlockableEventLoop.managedBlock(BlockableEventLoop.java:135) ~[paper-1.21.jar:1.21-126-7e44684]
	at net.minecraft.server.MinecraftServer.managedBlock(MinecraftServer.java:1466) ~[paper-1.21.jar:1.21-126-7e44684]
	at net.minecraft.server.MinecraftServer.waitUntilNextTick(MinecraftServer.java:1473) ~[paper-1.21.jar:1.21-126-7e44684]
	at net.minecraft.server.MinecraftServer.runServer(MinecraftServer.java:1318) ~[paper-1.21.jar:1.21-126-7e44684]
	at net.minecraft.server.MinecraftServer.lambda$spin$0(MinecraftServer.java:330) ~[paper-1.21.jar:1.21-126-7e44684]
	at java.base/java.lang.Thread.run(Thread.java:1583) ~[?:?]
[05:58:48] [Server thread/ERROR]: Could not pass event BlockBreakEvent to SuperEnchants v1.2.0
java.lang.NullPointerException: Cannot invoke "java.util.List.contains(Object)" because the return value of "org.bukkit.inventory.meta.ItemMeta.getLore()" is null
	at SuperEnchants-1.2.0.jar/com.aznos.superenchants.listener.BlockBreak.onBlockBreak(BlockBreak.java:88) ~[SuperEnchants-1.2.0.jar:?]
	at com.destroystokyo.paper.event.executor.asm.generated.GeneratedEventExecutor4.execute(Unknown Source) ~[?:?]
	at org.bukkit.plugin.EventExecutor$2.execute(EventExecutor.java:77) ~[paper-api-1.21-R0.1-SNAPSHOT.jar:?]
	at co.aikar.timings.TimedEventExecutor.execute(TimedEventExecutor.java:80) ~[paper-api-1.21-R0.1-SNAPSHOT.jar:1.21-126-7e44684]
	at org.bukkit.plugin.RegisteredListener.callEvent(RegisteredListener.java:70) ~[paper-api-1.21-R0.1-SNAPSHOT.jar:?]
	at io.papermc.paper.plugin.manager.PaperEventManager.callEvent(PaperEventManager.java:54) ~[paper-1.21.jar:1.21-126-7e44684]
	at io.papermc.paper.plugin.manager.PaperPluginManagerImpl.callEvent(PaperPluginManagerImpl.java:131) ~[paper-1.21.jar:1.21-126-7e44684]
	at org.bukkit.plugin.SimplePluginManager.callEvent(SimplePluginManager.java:628) ~[paper-api-1.21-R0.1-SNAPSHOT.jar:?]
	at net.minecraft.server.level.ServerPlayerGameMode.destroyBlock(ServerPlayerGameMode.java:383) ~[paper-1.21.jar:1.21-126-7e44684]
	at net.minecraft.server.level.ServerPlayerGameMode.destroyAndAck(ServerPlayerGameMode.java:342) ~[paper-1.21.jar:1.21-126-7e44684]
	at net.minecraft.server.level.ServerPlayerGameMode.handleBlockBreakAction(ServerPlayerGameMode.java:215) ~[paper-1.21.jar:1.21-126-7e44684]
	at net.minecraft.server.network.ServerGamePacketListenerImpl.handlePlayerAction(ServerGamePacketListenerImpl.java:1785) ~[paper-1.21.jar:1.21-126-7e44684]
	at net.minecraft.network.protocol.game.ServerboundPlayerActionPacket.handle(ServerboundPlayerActionPacket.java:51) ~[paper-1.21.jar:1.21-126-7e44684]
	at net.minecraft.network.protocol.game.ServerboundPlayerActionPacket.handle(ServerboundPlayerActionPacket.java:20) ~[paper-1.21.jar:1.21-126-7e44684]
	at net.minecraft.network.protocol.PacketUtils.lambda$ensureRunningOnSameThread$0(PacketUtils.java:56) ~[paper-1.21.jar:1.21-126-7e44684]
	at net.minecraft.server.TickTask.run(TickTask.java:18) ~[paper-1.21.jar:1.21-126-7e44684]
	at net.minecraft.util.thread.BlockableEventLoop.doRunTask(BlockableEventLoop.java:151) ~[paper-1.21.jar:1.21-126-7e44684]
	at net.minecraft.util.thread.ReentrantBlockableEventLoop.doRunTask(ReentrantBlockableEventLoop.java:24) ~[paper-1.21.jar:1.21-126-7e44684]
	at net.minecraft.server.MinecraftServer.doRunTask(MinecraftServer.java:1537) ~[paper-1.21.jar:1.21-126-7e44684]
	at net.minecraft.server.MinecraftServer.doRunTask(MinecraftServer.java:201) ~[paper-1.21.jar:1.21-126-7e44684]
	at net.minecraft.util.thread.BlockableEventLoop.pollTask(BlockableEventLoop.java:125) ~[paper-1.21.jar:1.21-126-7e44684]
	at net.minecraft.server.MinecraftServer.pollTaskInternal(MinecraftServer.java:1514) ~[paper-1.21.jar:1.21-126-7e44684]
	at net.minecraft.server.MinecraftServer.pollTask(MinecraftServer.java:1507) ~[paper-1.21.jar:1.21-126-7e44684]
	at net.minecraft.util.thread.BlockableEventLoop.managedBlock(BlockableEventLoop.java:135) ~[paper-1.21.jar:1.21-126-7e44684]
	at net.minecraft.server.MinecraftServer.managedBlock(MinecraftServer.java:1466) ~[paper-1.21.jar:1.21-126-7e44684]
	at net.minecraft.server.MinecraftServer.waitUntilNextTick(MinecraftServer.java:1473) ~[paper-1.21.jar:1.21-126-7e44684]
	at net.minecraft.server.MinecraftServer.runServer(MinecraftServer.java:1318) ~[paper-1.21.jar:1.21-126-7e44684]
	at net.minecraft.server.MinecraftServer.lambda$spin$0(MinecraftServer.java:330) ~[paper-1.21.jar:1.21-126-7e44684]
	at java.base/java.lang.Thread.run(Thread.java:1583) ~[?:?]
[05:59:46] [Server thread/INFO]: Fr4nko7k lost connection: Disconnected
[05:59:46] [Server thread/INFO]: Fr4nko7k left the game
[06:00:20] [epollEventLoopGroup-4-1/INFO]: [Geyser-Spigot] Player connected with username GALAXY1936
[06:00:20] [localSession-7-2/INFO]: [Geyser-Spigot] GALAXY1936 (logged in as: GALAXY1936) has connected to the Java server
[06:00:21] [Server thread/INFO]: [floodgate] Floodgate player logged in as .GALAXY1936 joined (UUID: 00000000-0000-0000-0009-01fb414128f9)
[06:00:21] [Server thread/INFO]: .GALAXY1936 joined the game
[06:00:21] [Server thread/INFO]: .GALAXY1936[/127.197.84.74:0] logged in with entity id 757 at ([papuserverxd]7.5, 84.0, 9.5)
[06:03:05] [localSession-7-2/INFO]: [Geyser-Spigot] GALAXY1936 has disconnected from the Java server because of Bedrock client timed out
[06:03:05] [Geyser Spigot connection thread-6-3/INFO]: [floodgate] Floodgate player logged in as .GALAXY1936 disconnected
[06:03:05] [Server thread/INFO]: .GALAXY1936 lost connection: Disconnected
[06:03:05] [Server thread/INFO]: .GALAXY1936 left the game
[06:07:36] [Server thread/INFO]: [Not Secure] [Server] 09282305492345ioisfdflkñshjfksdftroyan.exe9389040''secsfullyinstalled..(obtainipuser=039843)
[06:19:36] [Server thread/INFO]: Stopping server
[06:19:36] [Server thread/INFO]: [AuraSkills] Disabling AuraSkills v2.2.1
[06:19:36] [Server thread/INFO]: [Geyser-Spigot] Disabling Geyser-Spigot v2.4.1-SNAPSHOT
[06:19:36] [Server thread/INFO]: [Geyser-Spigot] Shutting down Geyser.
[06:19:36] [Server thread/INFO]: [Geyser-Spigot] Geyser shutdown successfully.
[06:19:36] [Server thread/INFO]: [Chunky] Disabling Chunky v1.4.10
[06:19:36] [Server thread/INFO]: [DeadChest] Disabling DeadChest v4.21.1
[06:19:36] [Server thread/INFO]: [SuperEnchants] Disabling SuperEnchants v1.2.0
[06:19:36] [Server thread/INFO]: [JustTPA] Disabling JustTPA vv20240420-beta
[06:19:36] [Server thread/INFO]: [JustTPA] JustTPA disabled
[06:19:36] [Server thread/INFO]: [floodgate] Disabling floodgate v2.2.3-SNAPSHOT (b109-49bd564)
[06:19:36] [Server thread/INFO]: [ViaVersion] Disabling ViaVersion v5.0.2
[06:19:36] [Server thread/INFO]: [ViaVersion] ViaVersion is disabling, if this is a reload and you experience issues consider rebooting.
[06:19:36] [Server thread/INFO]: Saving players
[06:19:36] [Server console handler/ERROR]: Caught previously unhandled exception :
java.io.IOError: java.io.IOException: Input/output error
	at org.jline.keymap.BindingReader.readCharacter(BindingReader.java:170) ~[jline-reader-3.20.0.jar:?]
	at org.jline.keymap.BindingReader.readBinding(BindingReader.java:110) ~[jline-reader-3.20.0.jar:?]
	at org.jline.keymap.BindingReader.readBinding(BindingReader.java:61) ~[jline-reader-3.20.0.jar:?]
	at org.jline.reader.impl.LineReaderImpl.doReadBinding(LineReaderImpl.java:923) ~[jline-reader-3.20.0.jar:?]
	at org.jline.reader.impl.LineReaderImpl.readBinding(LineReaderImpl.java:956) ~[jline-reader-3.20.0.jar:?]
	at org.jline.reader.impl.LineReaderImpl.readLine(LineReaderImpl.java:651) ~[jline-reader-3.20.0.jar:?]
	at org.jline.reader.impl.LineReaderImpl.readLine(LineReaderImpl.java:468) ~[jline-reader-3.20.0.jar:?]
	at net.minecrell.terminalconsole.SimpleTerminalConsole.readCommands(SimpleTerminalConsole.java:158) ~[terminalconsoleappender-1.3.0.jar:?]
	at net.minecrell.terminalconsole.SimpleTerminalConsole.start(SimpleTerminalConsole.java:141) ~[terminalconsoleappender-1.3.0.jar:?]
	at net.minecraft.server.dedicated.DedicatedServer$1.run(DedicatedServer.java:117) ~[paper-1.21.jar:1.21-126-7e44684]
Caused by: java.io.IOException: Input/output error
	at java.base/java.io.FileInputStream.read0(Native Method) ~[?:?]
	at java.base/java.io.FileInputStream.read(FileInputStream.java:231) ~[?:?]
	at org.jline.terminal.impl.AbstractPty$PtyInputStream.read(AbstractPty.java:73) ~[jline-terminal-3.21.0.jar:?]
	at org.jline.utils.NonBlockingInputStream.read(NonBlockingInputStream.java:62) ~[jline-terminal-3.21.0.jar:?]
	at org.jline.utils.NonBlocking$NonBlockingInputStreamReader.read(NonBlocking.java:168) ~[jline-terminal-3.21.0.jar:?]
	at org.jline.utils.NonBlockingReader.read(NonBlockingReader.java:57) ~[jline-terminal-3.21.0.jar:?]
	at org.jline.keymap.BindingReader.readCharacter(BindingReader.java:160) ~[jline-reader-3.20.0.jar:?]
	... 9 more
[06:19:36] [WebSocketConnectReadThread-103/INFO]: [Geyser-Spigot] The skin uploader has been closed
[06:19:36] [Server thread/INFO]: Saving worlds
[06:19:36] [Server thread/INFO]: Saving chunks for level 'ServerLevel[papuserverxd]'/minecraft:overworld
[06:19:36] [Server thread/INFO]: [ChunkHolderManager] Waiting 60s for chunk system to halt for world 'papuserverxd'
[06:19:36] [Server thread/INFO]: [ChunkHolderManager] Halted chunk system for world 'papuserverxd'
[06:19:36] [Server thread/INFO]: [ChunkHolderManager] Saving all chunkholders for world 'papuserverxd'
[06:19:36] [Server thread/INFO]: [ChunkHolderManager] Saved 99 block chunks, 136 entity chunks, 2 poi chunks in world 'papuserverxd' in 0.29s
[06:19:37] [Server thread/INFO]: Saving chunks for level 'ServerLevel[papuserverxd_nether]'/minecraft:the_nether
[06:19:37] [Server thread/INFO]: [ChunkHolderManager] Waiting 60s for chunk system to halt for world 'papuserverxd_nether'
[06:19:37] [Server thread/INFO]: [ChunkHolderManager] Halted chunk system for world 'papuserverxd_nether'
[06:19:37] [Server thread/INFO]: [ChunkHolderManager] Saving all chunkholders for world 'papuserverxd_nether'
[06:19:37] [Server thread/INFO]: [ChunkHolderManager] Saved 0 block chunks, 0 entity chunks, 0 poi chunks in world 'papuserverxd_nether' in 0.02s
[06:19:37] [Server thread/INFO]: Saving chunks for level 'ServerLevel[papuserverxd_the_end]'/minecraft:the_end
[06:19:37] [Server thread/INFO]: [ChunkHolderManager] Waiting 60s for chunk system to halt for world 'papuserverxd_the_end'
[06:19:37] [Server thread/INFO]: [ChunkHolderManager] Halted chunk system for world 'papuserverxd_the_end'
[06:19:37] [Server thread/INFO]: [ChunkHolderManager] Saving all chunkholders for world 'papuserverxd_the_end'
[06:19:37] [Server thread/INFO]: [ChunkHolderManager] Saved 0 block chunks, 10 entity chunks, 0 poi chunks in world 'papuserverxd_the_end' in 0.04s
[06:19:37] [Server thread/INFO]: ThreadedAnvilChunkStorage (papuserverxd): All chunks are saved
[06:19:37] [Server thread/INFO]: ThreadedAnvilChunkStorage (DIM-1): All chunks are saved
[06:19:37] [Server thread/INFO]: ThreadedAnvilChunkStorage (DIM1): All chunks are saved
[06:19:37] [Server thread/INFO]: ThreadedAnvilChunkStorage: All dimensions are saved
